<?xml version="1.0" encoding="UTF-8"?>
<testng-results ignored="0" total="2" passed="2" failed="0" skipped="0">
  <reporter-output>
  </reporter-output>
  <suite started-at="2021-06-20T21:47:36 CDT" name="Suite" finished-at="2021-06-20T21:47:47 CDT" duration-ms="11426">
    <groups>
    </groups>
    <test started-at="2021-06-20T21:47:36 CDT" name="Chrome" finished-at="2021-06-20T21:47:41 CDT" duration-ms="4829">
      <class name="testNGFramework.CrossBrowser">
        <test-method signature="CrB(java.lang.String)[pri:0, instance:testNGFramework.CrossBrowser@71c3b41]" started-at="2021-06-20T21:47:36 CDT" name="CrB" finished-at="2021-06-20T21:47:41 CDT" duration-ms="4785" status="PASS">
          <params>
            <param index="0">
              <value>
                <![CDATA[gg]]>
              </value>
            </param>
          </params>
          <reporter-output>
          </reporter-output>
        </test-method> <!-- CrB -->
      </class> <!-- testNGFramework.CrossBrowser -->
    </test> <!-- Chrome -->
    <test started-at="2021-06-20T21:47:41 CDT" name="FireFox" finished-at="2021-06-20T21:47:47 CDT" duration-ms="6553">
      <class name="testNGFramework.CrossBrowser">
        <test-method signature="CrB(java.lang.String)[pri:0, instance:testNGFramework.CrossBrowser@40cb8df7]" started-at="2021-06-20T21:47:41 CDT" name="CrB" finished-at="2021-06-20T21:47:47 CDT" duration-ms="6550" status="PASS">
          <params>
            <param index="0">
              <value>
                <![CDATA[ff]]>
              </value>
            </param>
          </params>
          <reporter-output>
          </reporter-output>
        </test-method> <!-- CrB -->
      </class> <!-- testNGFramework.CrossBrowser -->
    </test> <!-- FireFox -->
  </suite> <!-- Suite -->
</testng-results>
